{"train_time": 105.147775888443, "train_acc": 89.486283643892335, "prf": {"0": [0.9130679042501221, 0.9861499498760091, 0.9482028257616112], "1": [0.9228395061728395, 0.638239479569018, 0.7545968032688377]}, "dev_acc": 91.446045576407514}
{"train_time": 95.83757305145264, "train_acc": 91.189736764270933, "prf": {"0": [0.9179298503801815, 0.9874406332453826, 0.9514173128257277], "1": [0.9317464869515343, 0.6600975213327915, 0.7727434891188014]}, "dev_acc": 91.994805630026804}
{"train_time": 100.13253593444824, "train_acc": 91.607974711623783, "prf": {"0": [0.9182393019950003, 0.9888358098656602, 0.9522308777369711], "1": [0.939066551426102, 0.6614916286149163, 0.7762100375066976]}, "dev_acc": 92.126759383378015}
{"train_time": 104.85629200935364, "train_acc": 91.864463176574972, "prf": {"0": [0.9221860831854918, 0.9874934036939313, 0.9537230518322205], "1": [0.9337988826815642, 0.6791954490044697, 0.7864031992472359]}, "dev_acc": 92.392761394101882}
{"train_time": 113.25368595123291, "train_acc": 91.973990683229815, "prf": {"0": [0.9255973034598989, 0.9854605905480645, 0.9545913476899482], "1": [0.9255002704164413, 0.6951355742865848, 0.7939453691353012]}, "dev_acc": 92.55822721179625}
{"train_time": 110.37425994873047, "train_acc": 92.153070467317363, "prf": {"0": [0.9292286975387147, 0.9831147930242988, 0.9554125429465155], "1": [0.9162632474159361, 0.7116146733055584, 0.8010752688172044]}, "dev_acc": 92.715315013404819}
{"train_time": 107.69815802574158, "train_acc": 92.248964803312631, "prf": {"0": [0.9257012700849199, 0.986621632319181, 0.9551910893112611], "1": [0.9310485516115871, 0.6952371280593074, 0.796046511627907]}, "dev_acc": 92.652479892761392}
{"train_time": 102.56668782234192, "train_acc": 92.326835625554565, "prf": {"0": [0.9254048708122141, 0.9875201182026859, 0.9554540116917265], "1": [0.9351966022742841, 0.6934877577974194, 0.7964064869910161]}, "dev_acc": 92.690180965147448}
{"train_time": 114.3130521774292, "train_acc": 92.398005397811303, "prf": {"0": [0.9265916303054343, 0.9862258226244821, 0.9554791456290823], "1": [0.9295356371490281, 0.6992992789682136, 0.7981454650825848]}, "dev_acc": 92.704842493297591}
{"train_time": 94.96900391578674, "train_acc": 92.467095533865717, "prf": {"0": [0.9251579778830964, 0.9889703942160536, 0.9560005101390129], "1": [0.9422013274336283, 0.6920576884013813, 0.7979857126127182]}, "dev_acc": 92.773961126005361}
{"train_time": 94.97222805023193, "train_acc": 92.472179089026909, "prf": {"0": [0.9215315934065934, 0.9912403366665787, 0.9551157380925143], "1": [0.9524082568807339, 0.6749974601239459, 0.790058862001308]}, "dev_acc": 92.604306300268092}
{"train_time": 94.93912100791931, "train_acc": 92.58979406980184, "prf": {"0": [0.9272353392958897, 0.9874673491464605, 0.9564039660635796], "1": [0.9356455764801518, 0.7016153611703749, 0.8019043195541107]}, "dev_acc": 92.853552278820374}
{"train_time": 98.62624979019165, "train_acc": 92.650565661047025, "prf": {"0": [0.9269525154194843, 0.987544202248377, 0.9562895291637387], "1": [0.9359826393598264, 0.7006091370558376, 0.8013702606979041]}, "dev_acc": 92.834701742627345}
{"train_time": 95.51003980636597, "train_acc": 92.651489943803611, "prf": {"0": [0.9256698357821953, 0.9889718491939952, 0.9562743947549682], "1": [0.9423368740515933, 0.6941367747180165, 0.7994148624926858]}, "dev_acc": 92.820040214477217}
{"train_time": 95.5848388671875, "train_acc": 92.716189736764278, "prf": {"0": [0.9275810844268383, 0.9886006807926749, 0.9571193173834737], "1": [0.941256459069894, 0.7029552147862294, 0.8048369280855766]}, "dev_acc": 92.96875}
{"train_time": 98.30838799476624, "train_acc": 92.735830745341616, "prf": {"0": [0.9280791352637842, 0.9881741150384077, 0.9571843158311919], "1": [0.9395248380129589, 0.7058107696988135, 0.8060686779778794]}, "dev_acc": 92.985506032171585}
{"train_time": 98.52609086036682, "train_acc": 92.813470496894411, "prf": {"0": [0.9296552410327844, 0.9859392724298942, 0.9569703875353672], "1": [0.9293290904269425, 0.712513977838772, 0.8066056735140111]}, "dev_acc": 92.960371983914214}
{"train_time": 95.01721596717834, "train_acc": 92.817629769299018, "prf": {"0": [0.9309108116858857, 0.9859924026590693, 0.9576602313634557], "1": [0.9300671671276175, 0.7179747864985767, 0.810373515405359]}, "dev_acc": 93.077664209115284}
{"train_time": 95.15563297271729, "train_acc": 92.843740757172441, "prf": {"0": [0.9314084823098212, 0.9856204321785705, 0.9577479232899189], "1": [0.9286368993060102, 0.7205120390124962, 0.8114416475972541]}, "dev_acc": 93.096514745308312}
{"train_time": 99.97943496704102, "train_acc": 92.915141600118304, "prf": {"0": [0.9317200947985531, 0.9856434075794362, 0.9579234902599485], "1": [0.9289724507115812, 0.7221883881445392, 0.8126320598480955]}, "dev_acc": 93.127932305630026}
{"train_time": 104.43611001968384, "train_acc": 92.941714729370005, "prf": {"0": [0.9337607372717939, 0.9837475594955412, 0.9581026042938086], "1": [0.9211570459490592, 0.7312538102011786, 0.8152931180968563]}, "dev_acc": 93.169822386058982}
{"train_time": 98.47402811050415, "train_acc": 92.987928867199059, "prf": {"0": [0.9313715710723192, 0.9854353562005277, 0.9576410256410256], "1": [0.9277864992150706, 0.7204388459975619, 0.8110704483074108]}, "dev_acc": 93.079758713136727}
{"train_time": 99.79471516609192, "train_acc": 92.987466725820767, "prf": {"0": [0.9355625392834696, 0.9818728726351619, 0.9581584571413858], "1": [0.9137909398920818, 0.7396648044692737, 0.8175592230829685]}, "dev_acc": 93.19286193029491}
{"train_time": 105.7810480594635, "train_acc": 93.001562037858619, "prf": {"0": [0.9364418540105468, 0.9792095403936468, 0.9573482943186948], "1": [0.902847984218962, 0.7440560861613493, 0.8157968027627694]}, "dev_acc": 93.073475201072384}
{"train_time": 100.8345148563385, "train_acc": 92.993474563738545, "prf": {"0": [0.9339180553815312, 0.9834802343378899, 0.9580585868712966], "1": [0.920142875366756, 0.7322842639593908, 0.8155350782972468]}, "dev_acc": 93.165633378016082}
{"train_time": 110.37562298774719, "train_acc": 93.068341467021597, "prf": {"0": [0.9333016079747533, 0.9831147930242988, 0.9575608063832247], "1": [0.9181376311077002, 0.7293974189614877, 0.8129565660569681]}, "dev_acc": 93.081853217158184}
{"train_time": 100.62004899978638, "train_acc": 93.05424615498373, "prf": {"0": [0.9359971800488456, 0.981026019950388, 0.9579827601757482], "1": [0.9104273078360533, 0.7419289340101523, 0.8175868434301057]}, "dev_acc": 93.169822386058982}
{"train_time": 95.14234900474548, "train_acc": 93.062564699792958, "prf": {"0": [0.934911391134093, 0.9826398965781072, 0.9581816544680414], "1": [0.916772071844169, 0.7365105172238594, 0.8168141094269454]}, "dev_acc": 93.190767426273453}
{"train_time": 95.58701610565186, "train_acc": 93.115017746228929, "prf": {"0": [0.9372949785516024, 0.9800791556728232, 0.9582097252676385], "1": [0.9069509489770766, 0.7475619666802112, 0.8195790177079852]}, "dev_acc": 93.213806970509381}
{"train_time": 95.31560111045837, "train_acc": 93.139280168589181, "prf": {"0": [0.9369460367162445, 0.9789198744162732, 0.9574731626754749], "1": [0.9018789144050104, 0.7462656234122549, 0.8167259786476868]}, "dev_acc": 93.096514745308312}
{"train_time": 95.09222507476807, "train_acc": 93.126571280686193, "prf": {"0": [0.9356200527704486, 0.98234921640019, 0.9584153828333141], "1": [0.9158384702478299, 0.7396870554765291, 0.8183913214546681]}, "dev_acc": 93.232657506702409}
{"train_time": 95.019357919693, "train_acc": 93.152220127181309, "prf": {"0": [0.9399370430544273, 0.9769393139841689, 0.9580810433162551], "1": [0.8953544061302682, 0.7596505485574969, 0.8219388876676192]}, "dev_acc": 93.213806970509381}
{"train_time": 99.41753077507019, "train_acc": 93.24649696835256, "prf": {"0": [0.9387357282094124, 0.9785454161608698, 0.9582272756638025], "1": [0.9013708601237413, 0.7543147208121828, 0.821312109655668]}, "dev_acc": 93.228468498659524}
{"train_time": 100.22348093986511, "train_acc": 93.224776323572911, "prf": {"0": [0.938563446514803, 0.9795245257130795, 0.9586066208748644], "1": [0.9052618727872055, 0.7531742001015744, 0.8222444000887115]}, "dev_acc": 93.285020107238608}
{"train_time": 97.86617517471313, "train_acc": 93.197278911564624, "prf": {"0": [0.9382204246713852, 0.9791848041155521, 0.9582650229135738], "1": [0.9035923753665689, 0.7516007724362231, 0.8206180990956001]}, "dev_acc": 93.228468498659524}
{"train_time": 94.89167809486389, "train_acc": 93.245110544217681, "prf": {"0": [0.9383308901582167, 0.9795519907126461, 0.9584984574076704], "1": [0.9052335534360479, 0.7521080971248603, 0.8215970256922479]}, "dev_acc": 93.26616957104558}
{"train_time": 95.51152801513672, "train_acc": 93.241644483880506, "prf": {"0": [0.9391027262151637, 0.9796596755045508, 0.9589525740183609], "1": [0.9059985369422092, 0.7552596808618762, 0.8237902555290727]}, "dev_acc": 93.341571715817693}
{"train_time": 95.19436502456665, "train_acc": 93.295021813073049, "prf": {"0": [0.9371533729958657, 0.9809224761201119, 0.958538534925096], "1": [0.9104754829123328, 0.746800731261426, 0.8205557415467024]}, "dev_acc": 93.264075067024123}
{"train_time": 102.78649115562439, "train_acc": 93.285085773439818, "prf": {"0": [0.9379819482719389, 0.9789693115550043, 0.9580374435119432], "1": [0.902698083262117, 0.7508885955113233, 0.8198248142809624]}, "dev_acc": 93.19286193029491}
{"train_time": 98.53165006637573, "train_acc": 93.306575347530313, "prf": {"0": [0.9390123394228089, 0.9778364116094986, 0.9580312019336409], "1": [0.8985139543312795, 0.7554855749695246, 0.8208156282765852]}, "dev_acc": 93.199145442359253}
{"train_time": 102.54197311401367, "train_acc": 93.349323425022178, "prf": {"0": [0.9376908517350158, 0.9802917974830488, 0.9585182127747396], "1": [0.9079935952703535, 0.7491108627172035, 0.8209354120267259]}, "dev_acc": 93.264075067024123}
{"train_time": 107.4541380405426, "train_acc": 93.380517968056793, "prf": {"0": [0.9368664637673869, 0.9827445186142846, 0.9592572561745086], "1": [0.9181169400275447, 0.7449964441735243, 0.822546270330903]}, "dev_acc": 93.372989276139407}
{"train_time": 102.02606010437012, "train_acc": 93.34077380952381, "prf": {"0": [0.9370909273990534, 0.9822158896013088, 0.9591229403656133], "1": [0.9159600997506234, 0.7461655662772981, 0.8223901483347328]}, "dev_acc": 93.354138739946379}
{"train_time": 100.63566398620605, "train_acc": 93.370119787045255, "prf": {"0": [0.9390299528660484, 0.9775761093230623, 0.9579154172267605], "1": [0.8973677855590437, 0.7554380971742224, 0.820309050772627]}, "dev_acc": 93.180294906166225}
{"train_time": 103.99159693717957, "train_acc": 93.37797619047619, "prf": {"0": [0.9370213623538896, 0.98147659507098, 0.9587339227259839], "1": [0.9127733598409543, 0.746089782652854, 0.8210573376550799]}, "dev_acc": 93.293398123324394}
{"train_time": 102.74266791343689, "train_acc": 93.379131543921915, "prf": {"0": [0.9354060977447386, 0.9829774880578501, 0.9586019637365043], "1": [0.9186222558667676, 0.7389627524611794, 0.8190561898869454]}, "dev_acc": 93.26198056300268}
{"train_time": 98.21577095985413, "train_acc": 93.439209923099668, "prf": {"0": [0.9399082917437236, 0.9789182058047493, 0.9590167112558644], "1": [0.9033974126465966, 0.7590410402275498, 0.8249516974882694]}, "dev_acc": 93.358327747989279}
{"train_time": 95.63813495635986, "train_acc": 93.418644631765744, "prf": {"0": [0.9381867784878875, 0.9799989445353317, 0.958637155578499], "1": [0.9070736790486699, 0.7514726792606135, 0.8219741154252068]}, "dev_acc": 93.287114611260051}
{"train_time": 95.58715200424194, "train_acc": 93.408477521443359, "prf": {"0": [0.9351111556680619, 0.9844067438853856, 0.9591259640102827], "1": [0.9246653919694072, 0.7369704358427309, 0.8202170963364994]}, "dev_acc": 93.33947721179625}
{"train_time": 99.93911790847778, "train_acc": 93.431815661047025, "prf": {"0": [0.9384658115341885, 0.9806337563652674, 0.9590865105477065], "1": [0.9098280098280098, 0.7524128822513462, 0.8236667964188401]}, "dev_acc": 93.358327747989279}
