{"train_time": 61.98976492881775, "train_acc": 88.688029508902929, "prf": {"0": [0.9029773757827307, 0.985107051248495, 0.9422559365103208], "1": [0.9287235375172241, 0.6470588235294118, 0.7627179671827581]}, "dev_acc": 90.7115818298969}
{"train_time": 60.124752044677734, "train_acc": 90.177609850660545, "prf": {"0": [0.9030619544999284, 0.9911793959064021, 0.9450711255303218], "1": [0.9564036222509702, 0.645226042939431, 0.7705857827809047]}, "dev_acc": 91.136436855670098}
{"train_time": 61.15216517448425, "train_acc": 90.612435381964389, "prf": {"0": [0.9073438737074446, 0.9896634741194327, 0.9467175668064334], "1": [0.9505198546912188, 0.662707423580786, 0.7809396387588124]}, "dev_acc": 91.428398840206185}
{"train_time": 57.0936119556427, "train_acc": 90.843758974727166, "prf": {"0": [0.9094695784075314, 0.9886408249797157, 0.9474040632054176], "1": [0.9466240314844423, 0.6718163568124291, 0.7858893199918318]}, "dev_acc": 91.55525128865979}
{"train_time": 50.75559210777283, "train_acc": 91.038061817920735, "prf": {"0": [0.9099597948816718, 0.9891136524219506, 0.9478871473354231], "1": [0.9488125999753907, 0.6733909702209414, 0.7877209112268873]}, "dev_acc": 91.631765463917532}
{"train_time": 48.365095138549805, "train_acc": 91.24896790637564, "prf": {"0": [0.912012555837257, 0.9883556625497174, 0.9486506511283294], "1": [0.9460540671596557, 0.6816911250873515, 0.7924049347616389]}, "dev_acc": 91.766672036082468}
{"train_time": 48.09544897079468, "train_acc": 91.295636487650782, "prf": {"0": [0.9125730570448727, 0.9889810767660376, 0.9492419579716881], "1": [0.9490191329619763, 0.6840359605481365, 0.7950291656099416]}, "dev_acc": 91.863321520618555}
{"train_time": 48.352062940597534, "train_acc": 91.41500035898909, "prf": {"0": [0.9135907055548832, 0.9878562642309403, 0.9492731753935918], "1": [0.9444244819738891, 0.6883457005674378, 0.7963037770147445]}, "dev_acc": 91.877416237113408}
{"train_time": 48.26767420768738, "train_acc": 91.51731224870764, "prf": {"0": [0.9132272321105127, 0.9897657374689177, 0.9499572928704216], "1": [0.9526462395543176, 0.686447333973296, 0.7979306147291539]}, "dev_acc": 91.978092783505161}
{"train_time": 58.19034790992737, "train_acc": 91.599206634118318, "prf": {"0": [0.914853931495567, 0.9884320448061975, 0.9502207797109107], "1": [0.9472679551419709, 0.6931470973374072, 0.8005242728235116]}, "dev_acc": 92.032458118556704}
{"train_time": 62.85524010658264, "train_acc": 91.652830628948877, "prf": {"0": [0.9157935584012418, 0.9882229782779377, 0.950630648775207], "1": [0.9466318785578748, 0.6968744543390956, 0.8027758221864629]}, "dev_acc": 92.102931701030926}
{"train_time": 64.26937890052795, "train_acc": 91.702640364732915, "prf": {"0": [0.916887537993921, 0.9869908910061773, 0.9506485648375751], "1": [0.9417964632860991, 0.7017452006980803, 0.8042402120106005]}, "dev_acc": 92.117026417525778}
{"train_time": 58.15037417411804, "train_acc": 91.732705700746692, "prf": {"0": [0.9178088861838101, 0.9864974486458197, 0.9509143649892798], "1": [0.9399231575270695, 0.7051270853349637, 0.8057690388262302]}, "dev_acc": 92.163337628865975}
{"train_time": 62.74116611480713, "train_acc": 91.797772472716829, "prf": {"0": [0.9183121910837331, 0.9870197843609337, 0.9514271659750514], "1": [0.9422785988595368, 0.7070380719524973, 0.8078822649039661]}, "dev_acc": 92.245892396907223}
{"train_time": 51.65689206123352, "train_acc": 91.842646108558299, "prf": {"0": [0.919495872209467, 0.9852136819240532, 0.9512210528975528], "1": [0.9352212795230451, 0.7122151401379552, 0.8086245353159852]}, "dev_acc": 92.225757087628864}
{"train_time": 48.38388919830322, "train_acc": 91.900981835152209, "prf": {"0": [0.9197479607287647, 0.9856574539363484, 0.9515627763600071], "1": [0.9371415462261987, 0.713163407821229, 0.8099534053732528]}, "dev_acc": 92.280122422680407}
{"train_time": 50.74966287612915, "train_acc": 91.91668760769673, "prf": {"0": [0.9216046659804931, 0.9841930334196959, 0.9518711163420529], "1": [0.9318130503499661, 0.7206845368025845, 0.8127615577765743]}, "dev_acc": 92.342541881443296}
{"train_time": 56.904279947280884, "train_acc": 91.988485425043081, "prf": {"0": [0.9181765049678551, 0.9868348731907766, 0.951268433601191], "1": [0.9415116279069767, 0.7067295103430218, 0.8073989130976715]}, "dev_acc": 92.221730025773198}
{"train_time": 50.893012046813965, "train_acc": 91.995216470419294, "prf": {"0": [0.9206628968691097, 0.984271544843108, 0.9514052262781109], "1": [0.9318052876432543, 0.7170173753601676, 0.8104213954406395]}, "dev_acc": 92.264014175257728}
{"train_time": 58.57718896865845, "train_acc": 92.072847860425043, "prf": {"0": [0.9197511284616323, 0.9865480240774667, 0.9519792916219459], "1": [0.9407765871644198, 0.7128514056224899, 0.8111061441414592]}, "dev_acc": 92.342541881443296}
{"train_time": 51.57595610618591, "train_acc": 92.078905801263645, "prf": {"0": [0.9210307361002349, 0.985107051248495, 0.951991905906159], "1": [0.9353409090909091, 0.7183627160062839, 0.8126172376345149]}, "dev_acc": 92.356636597938149}
{"train_time": 48.69935607910156, "train_acc": 92.146440623205052, "prf": {"0": [0.9215210950317099, 0.9850285295503324, 0.9522170915301411], "1": [0.9351841359773371, 0.7202827718624542, 0.813784943055761]}, "dev_acc": 92.394893685567013}
{"train_time": 48.822340965270996, "train_acc": 92.15878087306146, "prf": {"0": [0.9215052182860503, 0.9844792839008558, 0.9519519139512812], "1": [0.9329640515487226, 0.7203456402199528, 0.8129833029601536]}, "dev_acc": 92.354623067010309}
{"train_time": 49.9576780796051, "train_acc": 92.184583213670308, "prf": {"0": [0.9199170630564703, 0.9868892785177819, 0.9522270477729522], "1": [0.9422078671127004, 0.7133001484586499, 0.8119284294234593]}, "dev_acc": 92.38079896907216}
{"train_time": 48.585280895233154, "train_acc": 92.196699095347498, "prf": {"0": [0.92156766687079, 0.9844829390831066, 0.9519869434850268], "1": [0.9329109627785949, 0.7203004891684137, 0.8129343914822301]}, "dev_acc": 92.358650128865975}
{"train_time": 47.36637282371521, "train_acc": 92.213077972429645, "prf": {"0": [0.9215171872701418, 0.9838490131406733, 0.9516635438294425], "1": [0.9305023653976121, 0.7207293666026872, 0.812291052114061]}, "dev_acc": 92.312338917525778}
{"train_time": 66.24244999885559, "train_acc": 92.244489517518673, "prf": {"0": [0.9201826350229515, 0.9863641122278057, 0.9521247031478954], "1": [0.9401699586587047, 0.7146473463687151, 0.8120412616544336]}, "dev_acc": 92.368717783505161}
{"train_time": 48.80135989189148, "train_acc": 92.257502871912692, "prf": {"0": [0.9219308992893899, 0.9846637006019366, 0.9522652493039736], "1": [0.9338152247571719, 0.7218438973284442, 0.814260389994091]}, "dev_acc": 92.404961340206185}
{"train_time": 48.64504790306091, "train_acc": 92.299908457782877, "prf": {"0": [0.9217866150794622, 0.9851867361092936, 0.9524327606710018], "1": [0.9358785544352555, 0.7211697948494107, 0.814613943398087]}, "dev_acc": 92.42912371134021}
{"train_time": 49.95559787750244, "train_acc": 92.320101593911545, "prf": {"0": [0.9215705473416235, 0.9852660228729947, 0.9523544515133502], "1": [0.936109850204267, 0.7202479699642015, 0.814113002714039]}, "dev_acc": 92.415028994845358}
{"train_time": 51.12379503250122, "train_acc": 92.332441843767953, "prf": {"0": [0.9222546399588104, 0.9844285676899323, 0.9523279070356211], "1": [0.9329728511884646, 0.723129311097529, 0.8147565174618789]}, "dev_acc": 92.417042525773198}
{"train_time": 50.967686891555786, "train_acc": 92.346128302699597, "prf": {"0": [0.9216262552045065, 0.9846403433027187, 0.952091793489949], "1": [0.9335521847407743, 0.7204507731283306, 0.8132735072235098]}, "dev_acc": 92.374758376288653}
{"train_time": 50.687087059020996, "train_acc": 92.359366025272834, "prf": {"0": [0.9227083998722453, 0.9829102329233185, 0.9518583756795459], "1": [0.927128668675371, 0.7253361271171643, 0.8139113397012001]}, "dev_acc": 92.350596005154642}
{"train_time": 49.275129079818726, "train_acc": 92.415009333716256, "prf": {"0": [0.9212502139939837, 0.9857898042499739, 0.9524279086231526], "1": [0.9381196581196581, 0.7188264058679706, 0.8139615365600434]}, "dev_acc": 92.423083118556704}
{"train_time": 50.358405113220215, "train_acc": 92.422862219988517, "prf": {"0": [0.9222429356357927, 0.984034757118928, 0.952137358184765], "1": [0.9314298561151079, 0.7232891061452514, 0.8142688679245284]}, "dev_acc": 92.388853092783506}
{"train_time": 51.58230495452881, "train_acc": 92.392572515795521, "prf": {"0": [0.9225281325847655, 0.9847430126661781, 0.9526208529005962], "1": [0.9343098591549296, 0.7240656653859587, 0.8158606779160722]}, "dev_acc": 92.463353737113408}
{"train_time": 54.71084499359131, "train_acc": 92.451132610568635, "prf": {"0": [0.9228445099484156, 0.9831470965378274, 0.952041863588561], "1": [0.9280768371677462, 0.7257008121561436, 0.8145062484685126]}, "dev_acc": 92.378785438144334}
{"train_time": 58.277583837509155, "train_acc": 92.461677914991384, "prf": {"0": [0.9221922511034821, 0.9842445497134183, 0.9522085353656838], "1": [0.9322377307519135, 0.7230030554343082, 0.8143959880033433]}, "dev_acc": 92.398920747422679}
{"train_time": 50.07683992385864, "train_acc": 92.463248492245839, "prf": {"0": [0.9219512195121952, 0.984323475529966, 0.9521169546231252], "1": [0.9324613823429925, 0.7220185088178802, 0.8138562220144664]}, "dev_acc": 92.3828125}
{"train_time": 49.8775269985199, "train_acc": 92.479627369327972, "prf": {"0": [0.9221969084539821, 0.9854970025393335, 0.9527967603138446], "1": [0.9373515775189415, 0.7229829917139119, 0.8163285404766594]}, "dev_acc": 92.489529639175259}
{"train_time": 57.650344133377075, "train_acc": 92.497576823664559, "prf": {"0": [0.9236931999705095, 0.9836177117135978, 0.9527140919863631], "1": [0.9302351498941268, 0.7288683199441146, 0.8173317013463892]}, "dev_acc": 92.487516108247419}
{"train_time": 54.89028000831604, "train_acc": 92.536841255025848, "prf": {"0": [0.9228221671613963, 0.9845320351758794, 0.95267883146978], "1": [0.933602965958881, 0.7253840782122905, 0.8164267819423295]}, "dev_acc": 92.475434922680407}
{"train_time": 49.2693989276886, "train_acc": 92.539309304997133, "prf": {"0": [0.9239429695181908, 0.9837206867671692, 0.952895243890072], "1": [0.9307658058771149, 0.7299231843575419, 0.8181996086105674]}, "dev_acc": 92.517719072164951}
{"train_time": 49.38256001472473, "train_acc": 92.507449023549682, "prf": {"0": [0.9233624185817869, 0.9833263532614386, 0.9524014754908796], "1": [0.9290566878271522, 0.7279232111692845, 0.8162825969959392]}, "dev_acc": 92.439191365979383}
{"train_time": 49.78658199310303, "train_acc": 92.570496481906943, "prf": {"0": [0.9225186347587289, 0.984715242881072, 0.952602795219769], "1": [0.9342342342342342, 0.7241620111731844, 0.8158929976396538]}, "dev_acc": 92.461340206185568}
{"train_time": 50.177536964416504, "train_acc": 92.554790709362436, "prf": {"0": [0.9237042495701302, 0.9841145219962838, 0.9529529529529529], "1": [0.9322090685727049, 0.7288046799965074, 0.8180526289998529]}, "dev_acc": 92.523759664948457}
{"train_time": 51.64153981208801, "train_acc": 92.60213239517519, "prf": {"0": [0.9240353598778656, 0.9821246303226988, 0.952194874397361], "1": [0.9245553960013255, 0.7306852902662593, 0.8162668227033353]}, "dev_acc": 92.413015463917532}
{"train_time": 66.80566000938416, "train_acc": 92.563092331993104, "prf": {"0": [0.9232261708868531, 0.9837485606615722, 0.9525269546047713], "1": [0.9305912596401028, 0.7270345791128188, 0.8163145252218246]}, "dev_acc": 92.455299613402062}
{"train_time": 71.19282603263855, "train_acc": 92.644313612866171, "prf": {"0": [0.9239395057174474, 0.9833028003140539, 0.9526973058637084], "1": [0.9291032336926325, 0.7299633315872185, 0.8175817728450594]}, "dev_acc": 92.487516108247419}
{"train_time": 51.451266050338745, "train_acc": 92.652166499138431, "prf": {"0": [0.922597581021074, 0.9841668629452252, 0.9523881882186092], "1": [0.9320453779624845, 0.7245263249803545, 0.8152878758105718]}, "dev_acc": 92.42912371134021}
